<?xml version="1.0" encoding="UTF-8"?>
<testng-results ignored="0" total="1" passed="1" failed="0" skipped="0">
  <reporter-output>
  </reporter-output>
  <suite started-at="2025-06-21T18:42:30 IST" name="Default suite" finished-at="2025-06-21T18:42:45 IST" duration-ms="14838">
    <groups>
    </groups>
    <test started-at="2025-06-21T18:42:30 IST" name="Default test" finished-at="2025-06-21T18:42:45 IST" duration-ms="14838">
      <class name="opencart.test.AddProducts">
        <test-method is-config="true" signature="setUp()[pri:0, instance:opencart.test.AddProducts@18078bef]" started-at="2025-06-21T18:42:30 IST" name="setUp" finished-at="2025-06-21T18:42:35 IST" duration-ms="5390" status="PASS">
          <reporter-output>
          </reporter-output>
        </test-method> <!-- setUp -->
        <test-method signature="addNewProducts()[pri:0, instance:opencart.test.AddProducts@18078bef]" started-at="2025-06-21T18:42:35 IST" name="addNewProducts" finished-at="2025-06-21T18:42:44 IST" duration-ms="9342" status="PASS">
          <reporter-output>
          </reporter-output>
        </test-method> <!-- addNewProducts -->
        <test-method is-config="true" signature="tearDown()[pri:0, instance:opencart.test.AddProducts@18078bef]" started-at="2025-06-21T18:42:44 IST" name="tearDown" finished-at="2025-06-21T18:42:45 IST" duration-ms="92" status="PASS">
          <reporter-output>
          </reporter-output>
        </test-method> <!-- tearDown -->
      </class> <!-- opencart.test.AddProducts -->
    </test> <!-- Default test -->
  </suite> <!-- Default suite -->
</testng-results>
